<?xml version="1.0" encoding="UTF-8"?>
<testsuites name="Prova" time="109" tests="3" failures="1" errors="0">
   <testsuite name="Prova" tests="3" failures="1" errors="0" time="109" timestamp="2019-02-27 14:51:19" hostname="marco - 10.25.208.80" id="Test Suites/Prova">
      <properties>
         <property name="deviceName" value="samsung SM-G935F (Android 8.0.0)"/>
         <property name="devicePlatform" value=""/>
         <property name="logFolder" value="C:\\Users\\marco\\Katalon Studio\\MSA-testautomation\\Reports\\Prova\\20190227_145116"/>
         <property name="logFiles" value="C:\\Users\\marco\\Katalon Studio\\MSA-testautomation\\Reports\\Prova\\20190227_145116\\appium.log, C:\\Users\\marco\\Katalon Studio\\MSA-testautomation\\Reports\\Prova\\20190227_145116\\execution0.log"/>
         <property name="attachments" value="C:\\Users\\marco\\Katalon Studio\\MSA-testautomation\\Reports\\Prova\\20190227_145116\\1551275583384.png, C:\\Users\\marco\\Katalon Studio\\MSA-testautomation\\Reports\\Prova\\20190227_145116\\1551275585628.png"/>
         <property name="hostName" value="marco - 10.25.208.80"/>
         <property name="os" value="Windows 10 64bit"/>
         <property name="katalonVersion" value="5.10.1.1"/>
         <property name="deviceOS" value="Android"/>
         <property name="appiumVersion" value="1.8.1"/>
         <property name="deviceModel" value="SM-G935F"/>
         <property name="hostAddress" value="10.25.208.80"/>
         <property name="deviceManufacturer" value="samsung"/>
         <property name="deviceId" value="9885f7504651473733"/>
         <property name="deviceName" value="samsung SM-G935F (Android 8.0.0)"/>
         <property name="deviceOSVersion" value="8.0.0"/>
      </properties>
      <testcase name="Test Cases/Pre Login/PreLogin_1_FUNCTIONALITY_StartAppLogged" classname="Test Cases/Pre Login/PreLogin_1_FUNCTIONALITY_StartAppLogged" status="PASSED">
         <system-out><![CDATA[2019-02-27 14:51:19 - [TEST_CASE][PASSED] - Test Cases/Pre Login/PreLogin_1_FUNCTIONALITY_StartAppLogged: Test Cases/Pre Login/PreLogin_1_FUNCTIONALITY_StartAppLogged

2019-02-27 14:51:20 - [TEST_STEP][PASSED] - startApplication("C:\\Users\\MSA-testautomation\\59.apk", false, CONTINUE_ON_FAILURE): Started app at: 'C:\Users\MSA-testautomation\59.apk'

2019-02-27 14:51:26 - [MESSAGE][INFO] - Appium server started on port 50.603

2019-02-27 14:51:49 - [MESSAGE][PASSED] - Started app at: 'C:\Users\MSA-testautomation\59.apk'

2019-02-27 14:51:49 - [TEST_STEP][PASSED] - verifyElementExist(findTestObject("Bottom Bar Elements/Home"), 30): Element 'Object Repository/Bottom Bar Elements/Home' is exist

2019-02-27 14:51:53 - [MESSAGE][PASSED] - Element 'Object Repository/Bottom Bar Elements/Home' is exist]]></system-out>
         <system-err><![CDATA[]]></system-err>
      </testcase>
      <testcase name="Test Cases/Guida TV/Guida TV_3_NAVIGATION_GTV" classname="Test Cases/Guida TV/Guida TV_3_NAVIGATION_GTV" status="PASSED">
         <system-out><![CDATA[2019-02-27 14:51:53 - [TEST_CASE][PASSED] - Test Cases/Guida TV/Guida TV_3_NAVIGATION_GTV: Test Cases/Guida TV/Guida TV_3_NAVIGATION_GTV

2019-02-27 14:51:54 - [TEST_STEP][PASSED] - tap(findTestObject("Bottom Bar Elements/Guida TV"), 60): Tapped on element 'Object Repository/Bottom Bar Elements/Guida TV'

2019-02-27 14:51:55 - [MESSAGE][PASSED] - Tapped on element 'Object Repository/Bottom Bar Elements/Guida TV'

2019-02-27 14:51:55 - [TEST_STEP][PASSED] - waitForElementPresent(findTestObject("Guida Tv/Hero Elements/Immagine"), 30): Object Object Repository/Guida Tv/Hero Elements/Immagine not found

2019-02-27 14:52:25 - [MESSAGE][WARNING] - Object Object Repository/Guida Tv/Hero Elements/Immagine not found

2019-02-27 14:52:25 - [TEST_STEP][PASSED] - verifyElementExist(findTestObject("Top Bar elements/GUIDA TV"), 30): Element 'Object Repository/Top Bar elements/GUIDA TV' is exist

2019-02-27 14:52:26 - [MESSAGE][PASSED] - Element 'Object Repository/Top Bar elements/GUIDA TV' is exist]]></system-out>
         <system-err><![CDATA[]]></system-err>
      </testcase>
      <testcase name="Test Cases/Guida TV/Guida TV_1_NAVIGATION_TOPBAR" classname="Test Cases/Guida TV/Guida TV_1_NAVIGATION_TOPBAR" status="PASSED">
         <system-out><![CDATA[2019-02-27 14:52:26 - [TEST_CASE][PASSED] - Test Cases/Guida TV/Guida TV_1_NAVIGATION_TOPBAR: Test Cases/Guida TV/Guida TV_1_NAVIGATION_TOPBAR

2019-02-27 14:52:26 - [TEST_STEP][PASSED] - waitForElementPresent(findTestObject("Guida Tv/Section Elements/Scelti per te questa settimana"), 30): Object Object Repository/Guida Tv/Section Elements/Scelti per te questa settimana not found

2019-02-27 14:52:56 - [MESSAGE][WARNING] - Object Object Repository/Guida Tv/Section Elements/Scelti per te questa settimana not found

2019-02-27 14:52:56 - [TEST_STEP][PASSED] - verifyElementExist(findTestObject("Navigation Bar Elements/Programmazione"), 30): Element 'Object Repository/Navigation Bar Elements/Programmazione' is exist

2019-02-27 14:52:56 - [MESSAGE][PASSED] - Element 'Object Repository/Navigation Bar Elements/Programmazione' is exist

2019-02-27 14:52:56 - [TEST_STEP][PASSED] - verifyElementExist(findTestObject("Top Bar elements/Profile"), 30): Element 'Object Repository/Top Bar elements/Profile' is exist

2019-02-27 14:52:56 - [MESSAGE][PASSED] - Element 'Object Repository/Top Bar elements/Profile' is exist

2019-02-27 14:52:56 - [TEST_STEP][PASSED] - verifyElementExist(findTestObject("Top Bar elements/Search"), 30): Element 'Object Repository/Top Bar elements/Search' is exist

2019-02-27 14:52:57 - [MESSAGE][PASSED] - Element 'Object Repository/Top Bar elements/Search' is exist

2019-02-27 14:52:57 - [TEST_STEP][PASSED] - verifyElementExist(findTestObject("Top Bar elements/Assistenza"), 30): Element 'Object Repository/Top Bar elements/Assistenza' is exist

2019-02-27 14:52:57 - [MESSAGE][PASSED] - Element 'Object Repository/Top Bar elements/Assistenza' is exist

2019-02-27 14:52:57 - [TEST_STEP][PASSED] - verifyElementText(findTestObject("Top Bar elements/GUIDA TV"), "GUIDA TV"): Actual text and expected text of test object 'Object Repository/Top Bar elements/GUIDA TV' are matched.

2019-02-27 14:52:57 - [MESSAGE][PASSED] - Actual text and expected text of test object 'Object Repository/Top Bar elements/GUIDA TV' are matched.

2019-02-27 14:52:57 - [TEST_STEP][PASSED] - tap(findTestObject("Navigation Bar Elements/Sky On Demand"), 60): Tapped on element 'Object Repository/Navigation Bar Elements/Sky On Demand'

2019-02-27 14:52:58 - [MESSAGE][PASSED] - Tapped on element 'Object Repository/Navigation Bar Elements/Sky On Demand'

2019-02-27 14:52:58 - [TEST_STEP][PASSED] - waitForElementPresent(findTestObject("Guida Tv/Section Elements/SCELTI PER TE"), 30): Element 'Object Repository/Guida Tv/Section Elements/SCELTI PER TE' is present

2019-02-27 14:52:59 - [MESSAGE][PASSED] - Element 'Object Repository/Guida Tv/Section Elements/SCELTI PER TE' is present

2019-02-27 14:52:59 - [TEST_STEP][PASSED] - verifyElementExist(findTestObject("Navigation Bar Elements/Sky On Demand"), 30): Element 'Object Repository/Navigation Bar Elements/Sky On Demand' is exist

2019-02-27 14:52:59 - [MESSAGE][PASSED] - Element 'Object Repository/Navigation Bar Elements/Sky On Demand' is exist

2019-02-27 14:52:59 - [TEST_STEP][PASSED] - tap(findTestObject("Navigation Bar Elements/Programmazione"), 60): Tapped on element 'Object Repository/Navigation Bar Elements/Programmazione'

2019-02-27 14:53:00 - [MESSAGE][PASSED] - Tapped on element 'Object Repository/Navigation Bar Elements/Programmazione'

2019-02-27 14:53:00 - [TEST_STEP][PASSED] - waitForElementPresent(findTestObject("Guida Tv/Section Elements/Scelti per te questa settimana"), 30): Element 'Object Repository/Guida Tv/Section Elements/Scelti per te questa settimana' is present

2019-02-27 14:53:00 - [MESSAGE][PASSED] - Element 'Object Repository/Guida Tv/Section Elements/Scelti per te questa settimana' is present]]></system-out>
         <system-err><![CDATA[]]></system-err>
      </testcase>
      <testcase name="Test Cases/Guida TV/Guida TV_2_NAVIGATION_Hero" classname="Test Cases/Guida TV/Guida TV_2_NAVIGATION_Hero" status="FAILED">
         <failure type="FAILED" message="Test Cases/Guida TV/Guida TV_2_NAVIGATION_Hero FAILED.
Reason:
com.kms.katalon.core.exception.StepFailedException: Unable to verify if object 'Object Repository/Guida Tv/Hero Elements/Logo canale' has attribute 'resource-id' with value 'it.sky.msa:id/heroChannelLogoImageView' (Root cause: com.kms.katalon.core.exception.StepFailedException: Object 'Object Repository/Guida Tv/Hero Elements/Logo canale' has attribute 'resource-id' with actual value 'it.sky.msa:id/imageView7' instead of expected value 'it.sky.msa:id/heroChannelLogoImageView')
	at com.kms.katalon.core.keyword.internal.KeywordMain.stepFailed(KeywordMain.groovy:36)
	at com.kms.katalon.core.mobile.keyword.internal.MobileKeywordMain.stepFailed(MobileKeywordMain.groovy:40)
	at com.kms.katalon.core.mobile.keyword.internal.MobileKeywordMain.runKeyword(MobileKeywordMain.groovy:23)
	at com.kms.katalon.core.mobile.keyword.builtin.VerifyElementAttributeValueKeyword.verifyElementAttributeValue(VerifyElementAttributeValueKeyword.groovy:97)
	at com.kms.katalon.core.mobile.keyword.builtin.VerifyElementAttributeValueKeyword.execute(VerifyElementAttributeValueKeyword.groovy:67)
	at com.kms.katalon.core.keyword.internal.KeywordExecutor.executeKeywordForPlatform(KeywordExecutor.groovy:53)
	at com.kms.katalon.core.mobile.keyword.MobileBuiltInKeywords.verifyElementAttributeValue(MobileBuiltInKeywords.groovy:1079)
	at com.kms.katalon.core.mobile.keyword.MobileBuiltInKeywords$verifyElementAttributeValue$4.call(Unknown Source)
	at Guida TV_2_NAVIGATION_Hero.run(Guida TV_2_NAVIGATION_Hero:29)
	at com.kms.katalon.core.main.ScriptEngine.run(ScriptEngine.java:194)
	at com.kms.katalon.core.main.ScriptEngine.runScriptAsRawText(ScriptEngine.java:119)
	at com.kms.katalon.core.main.TestCaseExecutor.runScript(TestCaseExecutor.java:328)
	at com.kms.katalon.core.main.TestCaseExecutor.doExecute(TestCaseExecutor.java:319)
	at com.kms.katalon.core.main.TestCaseExecutor.processExecutionPhase(TestCaseExecutor.java:298)
	at com.kms.katalon.core.main.TestCaseExecutor.accessMainPhase(TestCaseExecutor.java:290)
	at com.kms.katalon.core.main.TestCaseExecutor.execute(TestCaseExecutor.java:224)
	at com.kms.katalon.core.main.TestSuiteExecutor.accessTestCaseMainPhase(TestSuiteExecutor.java:129)
	at com.kms.katalon.core.main.TestSuiteExecutor.accessTestSuiteMainPhase(TestSuiteExecutor.java:112)
	at com.kms.katalon.core.main.TestSuiteExecutor.execute(TestSuiteExecutor.java:81)
	at com.kms.katalon.core.main.TestCaseMain.startTestSuite(TestCaseMain.java:149)
	at com.kms.katalon.core.main.TestCaseMain$startTestSuite$0.call(Unknown Source)
	at TempTestSuite1551275476306.run(TempTestSuite1551275476306.groovy:36)
"/>
         <system-out><![CDATA[2019-02-27 14:53:00 - [TEST_CASE][FAILED] - Test Cases/Guida TV/Guida TV_2_NAVIGATION_Hero: Test Cases/Guida TV/Guida TV_2_NAVIGATION_Hero FAILED.
Reason:
com.kms.katalon.core.exception.StepFailedException: Unable to verify if object 'Object Repository/Guida Tv/Hero Elements/Logo canale' has attribute 'resource-id' with value 'it.sky.msa:id/heroChannelLogoImageView' (Root cause: com.kms.katalon.core.exception.StepFailedException: Object 'Object Repository/Guida Tv/Hero Elements/Logo canale' has attribute 'resource-id' with actual value 'it.sky.msa:id/imageView7' instead of expected value 'it.sky.msa:id/heroChannelLogoImageView')
	at com.kms.katalon.core.keyword.internal.KeywordMain.stepFailed(KeywordMain.groovy:36)
	at com.kms.katalon.core.mobile.keyword.internal.MobileKeywordMain.stepFailed(MobileKeywordMain.groovy:40)
	at com.kms.katalon.core.mobile.keyword.internal.MobileKeywordMain.runKeyword(MobileKeywordMain.groovy:23)
	at com.kms.katalon.core.mobile.keyword.builtin.VerifyElementAttributeValueKeyword.verifyElementAttributeValue(VerifyElementAttributeValueKeyword.groovy:97)
	at com.kms.katalon.core.mobile.keyword.builtin.VerifyElementAttributeValueKeyword.execute(VerifyElementAttributeValueKeyword.groovy:67)
	at com.kms.katalon.core.keyword.internal.KeywordExecutor.executeKeywordForPlatform(KeywordExecutor.groovy:53)
	at com.kms.katalon.core.mobile.keyword.MobileBuiltInKeywords.verifyElementAttributeValue(MobileBuiltInKeywords.groovy:1079)
	at com.kms.katalon.core.mobile.keyword.MobileBuiltInKeywords$verifyElementAttributeValue$4.call(Unknown Source)
	at Guida TV_2_NAVIGATION_Hero.run(Guida TV_2_NAVIGATION_Hero:29)
	at com.kms.katalon.core.main.ScriptEngine.run(ScriptEngine.java:194)
	at com.kms.katalon.core.main.ScriptEngine.runScriptAsRawText(ScriptEngine.java:119)
	at com.kms.katalon.core.main.TestCaseExecutor.runScript(TestCaseExecutor.java:328)
	at com.kms.katalon.core.main.TestCaseExecutor.doExecute(TestCaseExecutor.java:319)
	at com.kms.katalon.core.main.TestCaseExecutor.processExecutionPhase(TestCaseExecutor.java:298)
	at com.kms.katalon.core.main.TestCaseExecutor.accessMainPhase(TestCaseExecutor.java:290)
	at com.kms.katalon.core.main.TestCaseExecutor.execute(TestCaseExecutor.java:224)
	at com.kms.katalon.core.main.TestSuiteExecutor.accessTestCaseMainPhase(TestSuiteExecutor.java:129)
	at com.kms.katalon.core.main.TestSuiteExecutor.accessTestSuiteMainPhase(TestSuiteExecutor.java:112)
	at com.kms.katalon.core.main.TestSuiteExecutor.execute(TestSuiteExecutor.java:81)
	at com.kms.katalon.core.main.TestCaseMain.startTestSuite(TestCaseMain.java:149)
	at com.kms.katalon.core.main.TestCaseMain$startTestSuite$0.call(Unknown Source)
	at TempTestSuite1551275476306.run(TempTestSuite1551275476306.groovy:36)


2019-02-27 14:53:01 - [TEST_STEP][PASSED] - verifyElementAttributeValue(findTestObject("Guida Tv/Hero Elements/Immagine"), "resource-id", "it.sky.msa:id/heroImageImageView", 60): Object 'Object Repository/Guida Tv/Hero Elements/Immagine' has attribute 'resource-id' with value 'it.sky.msa:id/heroImageImageView'

2019-02-27 14:53:02 - [MESSAGE][PASSED] - Object 'Object Repository/Guida Tv/Hero Elements/Immagine' has attribute 'resource-id' with value 'it.sky.msa:id/heroImageImageView'

2019-02-27 14:53:02 - [TEST_STEP][PASSED] - verifyElementText(findTestObject("Guida Tv/Hero Elements/IN EVIDENZA"), "IN EVIDENZA"): Actual text and expected text of test object 'Object Repository/Guida Tv/Hero Elements/IN EVIDENZA' are matched.

2019-02-27 14:53:02 - [MESSAGE][PASSED] - Actual text and expected text of test object 'Object Repository/Guida Tv/Hero Elements/IN EVIDENZA' are matched.

2019-02-27 14:53:02 - [TEST_STEP][PASSED] - verifyElementExist(findTestObject("Guida Tv/Hero Elements/Titolo del contenuto"), 30): Element 'Object Repository/Guida Tv/Hero Elements/Titolo del contenuto' is exist

2019-02-27 14:53:02 - [MESSAGE][PASSED] - Element 'Object Repository/Guida Tv/Hero Elements/Titolo del contenuto' is exist

2019-02-27 14:53:02 - [TEST_STEP][PASSED] - verifyElementExist(findTestObject("Guida Tv/Hero Elements/Programmazione"), 30): Element 'Object Repository/Guida Tv/Hero Elements/Programmazione' is exist

2019-02-27 14:53:03 - [MESSAGE][PASSED] - Element 'Object Repository/Guida Tv/Hero Elements/Programmazione' is exist

2019-02-27 14:53:03 - [TEST_STEP][FAILED] - verifyElementAttributeValue(findTestObject("Guida Tv/Hero Elements/Logo canale"), "resource-id", "it.sky.msa:id/heroChannelLogoImageView", 60): verifyElementAttributeValue(findTestObject("Guida Tv/Hero Elements/Logo canale"), "resource-id", "it.sky.msa:id/heroChannelLogoImageView", 60) FAILED.
Reason:
com.kms.katalon.core.exception.StepFailedException: Unable to verify if object 'Object Repository/Guida Tv/Hero Elements/Logo canale' has attribute 'resource-id' with value 'it.sky.msa:id/heroChannelLogoImageView' (Root cause: com.kms.katalon.core.exception.StepFailedException: Object 'Object Repository/Guida Tv/Hero Elements/Logo canale' has attribute 'resource-id' with actual value 'it.sky.msa:id/imageView7' instead of expected value 'it.sky.msa:id/heroChannelLogoImageView')
	at com.kms.katalon.core.keyword.internal.KeywordMain.stepFailed(KeywordMain.groovy:36)
	at com.kms.katalon.core.mobile.keyword.internal.MobileKeywordMain.stepFailed(MobileKeywordMain.groovy:40)
	at com.kms.katalon.core.mobile.keyword.internal.MobileKeywordMain.runKeyword(MobileKeywordMain.groovy:23)
	at com.kms.katalon.core.mobile.keyword.builtin.VerifyElementAttributeValueKeyword.verifyElementAttributeValue(VerifyElementAttributeValueKeyword.groovy:97)
	at com.kms.katalon.core.mobile.keyword.builtin.VerifyElementAttributeValueKeyword.execute(VerifyElementAttributeValueKeyword.groovy:67)
	at com.kms.katalon.core.keyword.internal.KeywordExecutor.executeKeywordForPlatform(KeywordExecutor.groovy:53)
	at com.kms.katalon.core.mobile.keyword.MobileBuiltInKeywords.verifyElementAttributeValue(MobileBuiltInKeywords.groovy:1079)
	at com.kms.katalon.core.mobile.keyword.MobileBuiltInKeywords$verifyElementAttributeValue$4.call(Unknown Source)
	at Guida TV_2_NAVIGATION_Hero.run(Guida TV_2_NAVIGATION_Hero:29)
	at com.kms.katalon.core.main.ScriptEngine.run(ScriptEngine.java:194)
	at com.kms.katalon.core.main.ScriptEngine.runScriptAsRawText(ScriptEngine.java:119)
	at com.kms.katalon.core.main.TestCaseExecutor.runScript(TestCaseExecutor.java:328)
	at com.kms.katalon.core.main.TestCaseExecutor.doExecute(TestCaseExecutor.java:319)
	at com.kms.katalon.core.main.TestCaseExecutor.processExecutionPhase(TestCaseExecutor.java:298)
	at com.kms.katalon.core.main.TestCaseExecutor.accessMainPhase(TestCaseExecutor.java:290)
	at com.kms.katalon.core.main.TestCaseExecutor.execute(TestCaseExecutor.java:224)
	at com.kms.katalon.core.main.TestSuiteExecutor.accessTestCaseMainPhase(TestSuiteExecutor.java:129)
	at com.kms.katalon.core.main.TestSuiteExecutor.accessTestSuiteMainPhase(TestSuiteExecutor.java:112)
	at com.kms.katalon.core.main.TestSuiteExecutor.execute(TestSuiteExecutor.java:81)
	at com.kms.katalon.core.main.TestCaseMain.startTestSuite(TestCaseMain.java:149)
	at com.kms.katalon.core.main.TestCaseMain$startTestSuite$0.call(Unknown Source)
	at TempTestSuite1551275476306.run(TempTestSuite1551275476306.groovy:36)


2019-02-27 14:53:05 - [MESSAGE][FAILED] - Object 'Object Repository/Guida Tv/Hero Elements/Logo canale' has attribute 'resource-id' with actual value 'it.sky.msa:id/imageView7' instead of expected value 'it.sky.msa:id/heroChannelLogoImageView'
[[ATTACHMENT|C:\\Users\\marco\\Katalon Studio\\MSA-testautomation\\Reports\\Prova\\20190227_145116\\1551275583384.png]]

2019-02-27 14:53:07 - [MESSAGE][FAILED] - Unable to verify if object 'Object Repository/Guida Tv/Hero Elements/Logo canale' has attribute 'resource-id' with value 'it.sky.msa:id/heroChannelLogoImageView' (Root cause: com.kms.katalon.core.exception.StepFailedException: Object 'Object Repository/Guida Tv/Hero Elements/Logo canale' has attribute 'resource-id' with actual value 'it.sky.msa:id/imageView7' instead of expected value 'it.sky.msa:id/heroChannelLogoImageView')
[[ATTACHMENT|C:\\Users\\marco\\Katalon Studio\\MSA-testautomation\\Reports\\Prova\\20190227_145116\\1551275585628.png]]

2019-02-27 14:53:07 - [MESSAGE][FAILED] - verifyElementAttributeValue(findTestObject("Guida Tv/Hero Elements/Logo canale"), "resource-id", "it.sky.msa:id/heroChannelLogoImageView", 60) FAILED.
Reason:
com.kms.katalon.core.exception.StepFailedException: Unable to verify if object 'Object Repository/Guida Tv/Hero Elements/Logo canale' has attribute 'resource-id' with value 'it.sky.msa:id/heroChannelLogoImageView' (Root cause: com.kms.katalon.core.exception.StepFailedException: Object 'Object Repository/Guida Tv/Hero Elements/Logo canale' has attribute 'resource-id' with actual value 'it.sky.msa:id/imageView7' instead of expected value 'it.sky.msa:id/heroChannelLogoImageView')
	at com.kms.katalon.core.keyword.internal.KeywordMain.stepFailed(KeywordMain.groovy:36)
	at com.kms.katalon.core.mobile.keyword.internal.MobileKeywordMain.stepFailed(MobileKeywordMain.groovy:40)
	at com.kms.katalon.core.mobile.keyword.internal.MobileKeywordMain.runKeyword(MobileKeywordMain.groovy:23)
	at com.kms.katalon.core.mobile.keyword.builtin.VerifyElementAttributeValueKeyword.verifyElementAttributeValue(VerifyElementAttributeValueKeyword.groovy:97)
	at com.kms.katalon.core.mobile.keyword.builtin.VerifyElementAttributeValueKeyword.execute(VerifyElementAttributeValueKeyword.groovy:67)
	at com.kms.katalon.core.keyword.internal.KeywordExecutor.executeKeywordForPlatform(KeywordExecutor.groovy:53)
	at com.kms.katalon.core.mobile.keyword.MobileBuiltInKeywords.verifyElementAttributeValue(MobileBuiltInKeywords.groovy:1079)
	at com.kms.katalon.core.mobile.keyword.MobileBuiltInKeywords$verifyElementAttributeValue$4.call(Unknown Source)
	at Guida TV_2_NAVIGATION_Hero.run(Guida TV_2_NAVIGATION_Hero:29)
	at com.kms.katalon.core.main.ScriptEngine.run(ScriptEngine.java:194)
	at com.kms.katalon.core.main.ScriptEngine.runScriptAsRawText(ScriptEngine.java:119)
	at com.kms.katalon.core.main.TestCaseExecutor.runScript(TestCaseExecutor.java:328)
	at com.kms.katalon.core.main.TestCaseExecutor.doExecute(TestCaseExecutor.java:319)
	at com.kms.katalon.core.main.TestCaseExecutor.processExecutionPhase(TestCaseExecutor.java:298)
	at com.kms.katalon.core.main.TestCaseExecutor.accessMainPhase(TestCaseExecutor.java:290)
	at com.kms.katalon.core.main.TestCaseExecutor.execute(TestCaseExecutor.java:224)
	at com.kms.katalon.core.main.TestSuiteExecutor.accessTestCaseMainPhase(TestSuiteExecutor.java:129)
	at com.kms.katalon.core.main.TestSuiteExecutor.accessTestSuiteMainPhase(TestSuiteExecutor.java:112)
	at com.kms.katalon.core.main.TestSuiteExecutor.execute(TestSuiteExecutor.java:81)
	at com.kms.katalon.core.main.TestCaseMain.startTestSuite(TestCaseMain.java:149)
	at com.kms.katalon.core.main.TestCaseMain$startTestSuite$0.call(Unknown Source)
	at TempTestSuite1551275476306.run(TempTestSuite1551275476306.groovy:36)]]></system-out>
         <system-err><![CDATA[2019-02-27 14:53:00 - [TEST_CASE][FAILED] - Test Cases/Guida TV/Guida TV_2_NAVIGATION_Hero: Test Cases/Guida TV/Guida TV_2_NAVIGATION_Hero FAILED.
Reason:
com.kms.katalon.core.exception.StepFailedException: Unable to verify if object 'Object Repository/Guida Tv/Hero Elements/Logo canale' has attribute 'resource-id' with value 'it.sky.msa:id/heroChannelLogoImageView' (Root cause: com.kms.katalon.core.exception.StepFailedException: Object 'Object Repository/Guida Tv/Hero Elements/Logo canale' has attribute 'resource-id' with actual value 'it.sky.msa:id/imageView7' instead of expected value 'it.sky.msa:id/heroChannelLogoImageView')
	at com.kms.katalon.core.keyword.internal.KeywordMain.stepFailed(KeywordMain.groovy:36)
	at com.kms.katalon.core.mobile.keyword.internal.MobileKeywordMain.stepFailed(MobileKeywordMain.groovy:40)
	at com.kms.katalon.core.mobile.keyword.internal.MobileKeywordMain.runKeyword(MobileKeywordMain.groovy:23)
	at com.kms.katalon.core.mobile.keyword.builtin.VerifyElementAttributeValueKeyword.verifyElementAttributeValue(VerifyElementAttributeValueKeyword.groovy:97)
	at com.kms.katalon.core.mobile.keyword.builtin.VerifyElementAttributeValueKeyword.execute(VerifyElementAttributeValueKeyword.groovy:67)
	at com.kms.katalon.core.keyword.internal.KeywordExecutor.executeKeywordForPlatform(KeywordExecutor.groovy:53)
	at com.kms.katalon.core.mobile.keyword.MobileBuiltInKeywords.verifyElementAttributeValue(MobileBuiltInKeywords.groovy:1079)
	at com.kms.katalon.core.mobile.keyword.MobileBuiltInKeywords$verifyElementAttributeValue$4.call(Unknown Source)
	at Guida TV_2_NAVIGATION_Hero.run(Guida TV_2_NAVIGATION_Hero:29)
	at com.kms.katalon.core.main.ScriptEngine.run(ScriptEngine.java:194)
	at com.kms.katalon.core.main.ScriptEngine.runScriptAsRawText(ScriptEngine.java:119)
	at com.kms.katalon.core.main.TestCaseExecutor.runScript(TestCaseExecutor.java:328)
	at com.kms.katalon.core.main.TestCaseExecutor.doExecute(TestCaseExecutor.java:319)
	at com.kms.katalon.core.main.TestCaseExecutor.processExecutionPhase(TestCaseExecutor.java:298)
	at com.kms.katalon.core.main.TestCaseExecutor.accessMainPhase(TestCaseExecutor.java:290)
	at com.kms.katalon.core.main.TestCaseExecutor.execute(TestCaseExecutor.java:224)
	at com.kms.katalon.core.main.TestSuiteExecutor.accessTestCaseMainPhase(TestSuiteExecutor.java:129)
	at com.kms.katalon.core.main.TestSuiteExecutor.accessTestSuiteMainPhase(TestSuiteExecutor.java:112)
	at com.kms.katalon.core.main.TestSuiteExecutor.execute(TestSuiteExecutor.java:81)
	at com.kms.katalon.core.main.TestCaseMain.startTestSuite(TestCaseMain.java:149)
	at com.kms.katalon.core.main.TestCaseMain$startTestSuite$0.call(Unknown Source)
	at TempTestSuite1551275476306.run(TempTestSuite1551275476306.groovy:36)]]></system-err>
      </testcase>
      <system-out><![CDATA[2019-02-27 14:51:19 - [TEST_SUITE][FAILED] - Prova: Test Cases/Guida TV/Guida TV_2_NAVIGATION_Hero FAILED.
Reason:
com.kms.katalon.core.exception.StepFailedException: Unable to verify if object 'Object Repository/Guida Tv/Hero Elements/Logo canale' has attribute 'resource-id' with value 'it.sky.msa:id/heroChannelLogoImageView' (Root cause: com.kms.katalon.core.exception.StepFailedException: Object 'Object Repository/Guida Tv/Hero Elements/Logo canale' has attribute 'resource-id' with actual value 'it.sky.msa:id/imageView7' instead of expected value 'it.sky.msa:id/heroChannelLogoImageView')
	at com.kms.katalon.core.keyword.internal.KeywordMain.stepFailed(KeywordMain.groovy:36)
	at com.kms.katalon.core.mobile.keyword.internal.MobileKeywordMain.stepFailed(MobileKeywordMain.groovy:40)
	at com.kms.katalon.core.mobile.keyword.internal.MobileKeywordMain.runKeyword(MobileKeywordMain.groovy:23)
	at com.kms.katalon.core.mobile.keyword.builtin.VerifyElementAttributeValueKeyword.verifyElementAttributeValue(VerifyElementAttributeValueKeyword.groovy:97)
	at com.kms.katalon.core.mobile.keyword.builtin.VerifyElementAttributeValueKeyword.execute(VerifyElementAttributeValueKeyword.groovy:67)
	at com.kms.katalon.core.keyword.internal.KeywordExecutor.executeKeywordForPlatform(KeywordExecutor.groovy:53)
	at com.kms.katalon.core.mobile.keyword.MobileBuiltInKeywords.verifyElementAttributeValue(MobileBuiltInKeywords.groovy:1079)
	at com.kms.katalon.core.mobile.keyword.MobileBuiltInKeywords$verifyElementAttributeValue$4.call(Unknown Source)
	at Guida TV_2_NAVIGATION_Hero.run(Guida TV_2_NAVIGATION_Hero:29)
	at com.kms.katalon.core.main.ScriptEngine.run(ScriptEngine.java:194)
	at com.kms.katalon.core.main.ScriptEngine.runScriptAsRawText(ScriptEngine.java:119)
	at com.kms.katalon.core.main.TestCaseExecutor.runScript(TestCaseExecutor.java:328)
	at com.kms.katalon.core.main.TestCaseExecutor.doExecute(TestCaseExecutor.java:319)
	at com.kms.katalon.core.main.TestCaseExecutor.processExecutionPhase(TestCaseExecutor.java:298)
	at com.kms.katalon.core.main.TestCaseExecutor.accessMainPhase(TestCaseExecutor.java:290)
	at com.kms.katalon.core.main.TestCaseExecutor.execute(TestCaseExecutor.java:224)
	at com.kms.katalon.core.main.TestSuiteExecutor.accessTestCaseMainPhase(TestSuiteExecutor.java:129)
	at com.kms.katalon.core.main.TestSuiteExecutor.accessTestSuiteMainPhase(TestSuiteExecutor.java:112)
	at com.kms.katalon.core.main.TestSuiteExecutor.execute(TestSuiteExecutor.java:81)
	at com.kms.katalon.core.main.TestCaseMain.startTestSuite(TestCaseMain.java:149)
	at com.kms.katalon.core.main.TestCaseMain$startTestSuite$0.call(Unknown Source)
	at TempTestSuite1551275476306.run(TempTestSuite1551275476306.groovy:36)]]></system-out>
      <system-err><![CDATA[2019-02-27 14:51:19 - [TEST_SUITE][FAILED] - Prova: Test Cases/Guida TV/Guida TV_2_NAVIGATION_Hero FAILED.
Reason:
com.kms.katalon.core.exception.StepFailedException: Unable to verify if object 'Object Repository/Guida Tv/Hero Elements/Logo canale' has attribute 'resource-id' with value 'it.sky.msa:id/heroChannelLogoImageView' (Root cause: com.kms.katalon.core.exception.StepFailedException: Object 'Object Repository/Guida Tv/Hero Elements/Logo canale' has attribute 'resource-id' with actual value 'it.sky.msa:id/imageView7' instead of expected value 'it.sky.msa:id/heroChannelLogoImageView')
	at com.kms.katalon.core.keyword.internal.KeywordMain.stepFailed(KeywordMain.groovy:36)
	at com.kms.katalon.core.mobile.keyword.internal.MobileKeywordMain.stepFailed(MobileKeywordMain.groovy:40)
	at com.kms.katalon.core.mobile.keyword.internal.MobileKeywordMain.runKeyword(MobileKeywordMain.groovy:23)
	at com.kms.katalon.core.mobile.keyword.builtin.VerifyElementAttributeValueKeyword.verifyElementAttributeValue(VerifyElementAttributeValueKeyword.groovy:97)
	at com.kms.katalon.core.mobile.keyword.builtin.VerifyElementAttributeValueKeyword.execute(VerifyElementAttributeValueKeyword.groovy:67)
	at com.kms.katalon.core.keyword.internal.KeywordExecutor.executeKeywordForPlatform(KeywordExecutor.groovy:53)
	at com.kms.katalon.core.mobile.keyword.MobileBuiltInKeywords.verifyElementAttributeValue(MobileBuiltInKeywords.groovy:1079)
	at com.kms.katalon.core.mobile.keyword.MobileBuiltInKeywords$verifyElementAttributeValue$4.call(Unknown Source)
	at Guida TV_2_NAVIGATION_Hero.run(Guida TV_2_NAVIGATION_Hero:29)
	at com.kms.katalon.core.main.ScriptEngine.run(ScriptEngine.java:194)
	at com.kms.katalon.core.main.ScriptEngine.runScriptAsRawText(ScriptEngine.java:119)
	at com.kms.katalon.core.main.TestCaseExecutor.runScript(TestCaseExecutor.java:328)
	at com.kms.katalon.core.main.TestCaseExecutor.doExecute(TestCaseExecutor.java:319)
	at com.kms.katalon.core.main.TestCaseExecutor.processExecutionPhase(TestCaseExecutor.java:298)
	at com.kms.katalon.core.main.TestCaseExecutor.accessMainPhase(TestCaseExecutor.java:290)
	at com.kms.katalon.core.main.TestCaseExecutor.execute(TestCaseExecutor.java:224)
	at com.kms.katalon.core.main.TestSuiteExecutor.accessTestCaseMainPhase(TestSuiteExecutor.java:129)
	at com.kms.katalon.core.main.TestSuiteExecutor.accessTestSuiteMainPhase(TestSuiteExecutor.java:112)
	at com.kms.katalon.core.main.TestSuiteExecutor.execute(TestSuiteExecutor.java:81)
	at com.kms.katalon.core.main.TestCaseMain.startTestSuite(TestCaseMain.java:149)
	at com.kms.katalon.core.main.TestCaseMain$startTestSuite$0.call(Unknown Source)
	at TempTestSuite1551275476306.run(TempTestSuite1551275476306.groovy:36)]]></system-err>
   </testsuite>
</testsuites>
